<?xml version="1.0" encoding="UTF-8"?>
<testsuites name="jest tests" tests="2" failures="0" errors="0" time="1.492">
  <testsuite name="API Tests" errors="0" failures="0" skipped="0" timestamp="2024-04-21T11:01:14" time="1.4" tests="2">
    <testcase classname="API Tests GET /contacts - should return all contacts" name="API Tests GET /contacts - should return all contacts" time="0.053">
    </testcase>
    <testcase classname="API Tests POST /contacts - should create a new contact" name="API Tests POST /contacts - should create a new contact" time="0.038">
    </testcase>
  </testsuite>
</testsuites>